<?xml version="1.0" encoding="UTF-8"?>
<!-- Generated by org.testng.reporters.JUnitReportReporter -->
<testsuite hostname="mypc" failures="0" tests="1" name="PracticePackage.FirstTest" time="0.017" errors="0" timestamp="2022-11-23T15:51:22 EST" skipped="0">
  <testcase classname="PracticePackage.FirstTest" name="demo" time="0.017"/>
  <system-out/>
</testsuite> <!-- PracticePackage.FirstTest -->
