<?xml version="1.0" encoding="UTF-8"?>
<!-- Generated by org.testng.reporters.JUnitReportReporter -->
<testsuite hostname="mypc" failures="0" tests="2" name="PracticePackage.SampleTest" time="0.021" errors="0" timestamp="2022-11-23T16:29:59 EST" skipped="0">
  <testcase classname="PracticePackage.SampleTest" name="script1" time="0.018"/>
  <system-out/>
  <testcase classname="PracticePackage.SampleTest" name="script2" time="0.003"/>
  <system-out/>
</testsuite> <!-- PracticePackage.SampleTest -->
